INFO:__main__:Starting new job for input: /workspaces/microbe_masst/examples/small.mgf
0it [00:00, ?it/s]3it [00:00, 512.25it/s]
INFO:masst_batch_client:Running fast microbe masst on input n=3 spectra (total with already finished was 3 spectra)
DEBUG:urllib3.connectionpool:Starting new HTTPS connection (1): fasst.gnps2.org:443
DEBUG:urllib3.connectionpool:Starting new HTTPS connection (1): fasst.gnps2.org:443
DEBUG:urllib3.connectionpool:Starting new HTTPS connection (1): fasst.gnps2.org:443
DEBUG:urllib3.connectionpool:https://fasst.gnps2.org:443 "POST /search HTTP/11" 200 35969
DEBUG:urllib3.connectionpool:https://fasst.gnps2.org:443 "POST /search HTTP/11" 200 6889
DEBUG:root:fastMASST response=200
DEBUG:root:fastMASST response=200
DEBUG:urllib3.connectionpool:Starting new HTTPS connection (1): fasst.gnps2.org:443
DEBUG:urllib3.connectionpool:https://fasst.gnps2.org:443 "POST /search HTTP/11" 200 8644
DEBUG:root:fastMASST response=200
DEBUG:masst_client:Exporting microbeMASST 208
DEBUG:masst_client:Exporting plantMASST 208
DEBUG:masst_client:Exporting tissueMASST 208
DEBUG:masst_client:Exporting foodMASST 208
DEBUG:masst_client:Exporting personalCareProductMASST 208
DEBUG:masst_client:Exporting microbiomeMASST 208
DEBUG:masst_client:Exporting combined tree 208
DEBUG:urllib3.connectionpool:https://fasst.gnps2.org:443 "POST /search HTTP/11" 200 177203940
DEBUG:root:fastMASST response=200
DEBUG:urllib3.connectionpool:Starting new HTTPS connection (1): fasst.gnps2.org:443
DEBUG:urllib3.connectionpool:https://fasst.gnps2.org:443 "POST /search HTTP/11" 200 96606
DEBUG:root:fastMASST response=200
DEBUG:masst_client:Exporting microbeMASST 
DEBUG:masst_client:Exporting plantMASST 
DEBUG:masst_client:Exporting tissueMASST 
DEBUG:masst_client:Exporting foodMASST 
DEBUG:masst_client:Exporting personalCareProductMASST 
DEBUG:masst_client:Exporting microbiomeMASST 
DEBUG:masst_client:Exporting combined tree 
