Dec-03 08:58:55.669 [main] DEBUG nextflow.cli.Launcher - $> nextflow run main.nf
Dec-03 08:58:56.004 [main] DEBUG nextflow.cli.CmdRun - N E X T F L O W  ~  version 24.10.2
Dec-03 08:58:56.067 [main] DEBUG nextflow.plugin.PluginsFacade - Setting up plugin manager > mode=prod; embedded=false; plugins-dir=/home/mambauser/.nextflow/plugins; core-plugins: nf-amazon@2.9.2,nf-azure@1.10.2,nf-cloudcache@0.4.2,nf-codecommit@0.2.2,nf-console@1.1.4,nf-google@1.15.2,nf-tower@1.9.3,nf-wave@1.7.4
Dec-03 08:58:56.120 [main] INFO  o.pf4j.DefaultPluginStatusProvider - Enabled plugins: []
Dec-03 08:58:56.121 [main] INFO  o.pf4j.DefaultPluginStatusProvider - Disabled plugins: []
Dec-03 08:58:56.129 [main] INFO  org.pf4j.DefaultPluginManager - PF4J version 3.12.0 in 'deployment' mode
Dec-03 08:58:56.182 [main] INFO  org.pf4j.AbstractPluginManager - No plugins
Dec-03 08:58:56.494 [main] DEBUG nextflow.cli.CmdRun - Applied DSL=2 by global default
Dec-03 08:58:56.518 [main] DEBUG nextflow.cli.CmdRun - Launching `main.nf` [irreverent_picasso] DSL2 - revision: c704dcc9a7
Dec-03 08:58:56.521 [main] DEBUG nextflow.plugin.PluginsFacade - Plugins default=[]
Dec-03 08:58:56.521 [main] DEBUG nextflow.plugin.PluginsFacade - Plugins resolved requirement=[]
Dec-03 08:58:56.664 [main] DEBUG nextflow.Session - Session UUID: baad5609-5d4b-43bb-b297-297521487758
Dec-03 08:58:56.668 [main] DEBUG nextflow.Session - Run name: irreverent_picasso
Dec-03 08:58:56.670 [main] DEBUG nextflow.Session - Executor pool size: 8
Dec-03 08:58:56.689 [main] DEBUG nextflow.file.FilePorter - File porter settings maxRetries=3; maxTransfers=50; pollTimeout=null
Dec-03 08:58:56.704 [main] DEBUG nextflow.util.ThreadPoolBuilder - Creating thread pool 'FileTransfer' minSize=10; maxSize=24; workQueue=LinkedBlockingQueue[10000]; allowCoreThreadTimeout=false
Dec-03 08:58:56.901 [main] DEBUG nextflow.cli.CmdRun - 
  Version: 24.10.2 build 5932
  Created: 27-11-2024 21:23 UTC 
  System: Linux 6.4.16-linuxkit
  Runtime: Groovy 4.0.23 on OpenJDK 64-Bit Server VM 17.0.3-internal+0-adhoc..src
  Encoding: UTF-8 (UTF-8)
  Process: 55915@b7fd9b3e8567 [172.17.0.2]
  CPUs: 8 - Mem: 7.7 GB (1.7 GB) - Swap: 1024 MB (791.4 MB)
Dec-03 08:58:57.057 [main] DEBUG nextflow.Session - Work-dir: /workspaces/microbe_masst/pipeline/work [UNKNOWN (0x6a656a63)]
Dec-03 08:58:57.058 [main] DEBUG nextflow.Session - Script base path does not exist or is not a directory: /workspaces/microbe_masst/pipeline/bin
Dec-03 08:58:57.093 [main] DEBUG nextflow.executor.ExecutorFactory - Extension executors providers=[]
Dec-03 08:58:57.116 [main] DEBUG nextflow.Session - Observer factory: DefaultObserverFactory
Dec-03 08:58:57.212 [main] DEBUG nextflow.cache.CacheFactory - Using Nextflow cache factory: nextflow.cache.DefaultCacheFactory
Dec-03 08:58:57.237 [main] DEBUG nextflow.util.CustomThreadPool - Creating default thread pool > poolSize: 9; maxThreads: 1000
Dec-03 08:58:57.317 [main] DEBUG nextflow.Session - Session start
Dec-03 08:58:58.744 [main] DEBUG nextflow.script.ScriptRunner - > Launching execution
Dec-03 08:58:58.813 [main] DEBUG n.secret.LocalSecretsProvider - Secrets store: /home/mambauser/.nextflow/secrets/store.json
Dec-03 08:58:58.846 [main] DEBUG nextflow.secret.SecretsLoader - Discovered secrets providers: [nextflow.secret.LocalSecretsProvider@2721044] - activable => nextflow.secret.LocalSecretsProvider@2721044
Dec-03 08:58:59.177 [main] DEBUG nextflow.executor.ExecutorFactory - << taskConfig executor: null
Dec-03 08:58:59.178 [main] DEBUG nextflow.executor.ExecutorFactory - >> processorType: 'local'
Dec-03 08:58:59.198 [main] DEBUG nextflow.executor.Executor - [warm up] executor > local
Dec-03 08:58:59.207 [main] DEBUG n.processor.LocalPollingMonitor - Creating local task monitor for executor 'local' > cpus=8; memory=7.7 GB; capacity=8; pollInterval=100ms; dumpInterval=5m
Dec-03 08:58:59.214 [main] DEBUG n.processor.TaskPollingMonitor - >>> barrier register (monitor: local)
Dec-03 08:58:59.670 [main] DEBUG nextflow.executor.ExecutorFactory - << taskConfig executor: null
Dec-03 08:58:59.672 [main] DEBUG nextflow.executor.ExecutorFactory - >> processorType: 'local'
Dec-03 08:58:59.832 [main] DEBUG nextflow.Session - Workflow process names [dsl2]: runMicrobemasst, prepareInput
Dec-03 08:58:59.893 [main] DEBUG nextflow.Session - Igniting dataflow network (2)
Dec-03 08:58:59.924 [main] DEBUG nextflow.processor.TaskProcessor - Starting process > prepareInput
Dec-03 08:58:59.929 [main] DEBUG nextflow.processor.TaskProcessor - Starting process > runMicrobemasst
Dec-03 08:58:59.942 [main] DEBUG nextflow.script.ScriptRunner - Parsed script files:
  Script_2f7a75fe4bf1f40a: /workspaces/microbe_masst/pipeline/main.nf
Dec-03 08:58:59.943 [main] DEBUG nextflow.script.ScriptRunner - > Awaiting termination 
Dec-03 08:58:59.943 [main] DEBUG nextflow.Session - Session await
Dec-03 08:59:00.737 [Task submitter] DEBUG n.executor.local.LocalTaskHandler - Launch cmd line: /bin/bash -ue .command.run
Dec-03 08:59:00.742 [Task submitter] INFO  nextflow.Session - [4c/91f439] Submitted process > runMicrobemasst
Dec-03 08:59:00.996 [Task submitter] DEBUG n.executor.local.LocalTaskHandler - Launch cmd line: /bin/bash -ue .command.run
Dec-03 08:59:01.013 [Task submitter] INFO  nextflow.Session - [21/cd3c2e] Submitted process > prepareInput
Dec-03 08:59:01.371 [Task monitor] DEBUG n.processor.TaskPollingMonitor - Task completed > TaskHandler[id: 1; name: prepareInput; status: COMPLETED; exit: 0; error: -; workDir: /workspaces/microbe_masst/pipeline/work/21/cd3c2e324bd48a933d0d678f405ebd]
Dec-03 08:59:01.374 [Task monitor] DEBUG nextflow.util.ThreadPoolBuilder - Creating thread pool 'TaskFinalizer' minSize=10; maxSize=24; workQueue=LinkedBlockingQueue[10000]; allowCoreThreadTimeout=false
Dec-03 09:03:23.115 [Task monitor] DEBUG n.processor.TaskPollingMonitor - Task completed > TaskHandler[id: 2; name: runMicrobemasst; status: COMPLETED; exit: 0; error: -; workDir: /workspaces/microbe_masst/pipeline/work/4c/91f439cc53acba75995d0cad110a7d]
Dec-03 09:03:23.202 [main] DEBUG nextflow.Session - Session await > all processes finished
Dec-03 09:03:23.222 [Task monitor] DEBUG n.processor.TaskPollingMonitor - <<< barrier arrives (monitor: local) - terminating tasks monitor poll loop
Dec-03 09:03:23.223 [main] DEBUG nextflow.Session - Session await > all barriers passed
Dec-03 09:03:23.236 [main] DEBUG nextflow.util.ThreadPoolManager - Thread pool 'TaskFinalizer' shutdown completed (hard=false)
Dec-03 09:03:23.252 [main] DEBUG n.trace.WorkflowStatsObserver - Workflow completed > WorkflowStats[succeededCount=2; failedCount=0; ignoredCount=0; cachedCount=0; pendingCount=0; submittedCount=0; runningCount=0; retriesCount=0; abortedCount=0; succeedDuration=4m 22s; failedDuration=0ms; cachedDuration=0ms;loadCpus=0; loadMemory=0; peakRunning=2; peakCpus=2; peakMemory=0; ]
Dec-03 09:03:23.442 [main] DEBUG nextflow.cache.CacheDB - Closing CacheDB done
Dec-03 09:03:23.493 [main] DEBUG nextflow.util.ThreadPoolManager - Thread pool 'FileTransfer' shutdown completed (hard=false)
Dec-03 09:03:23.494 [main] DEBUG nextflow.script.ScriptRunner - > Execution complete -- Goodbye
