INFO:__main__:Starting new job for input: /workspaces/microbe_masst/examples/small.mgf
0it [00:00, ?it/s]3it [00:00, 512.10it/s]
INFO:masst_batch_client:Running fast microbe masst on input n=3 spectra (total with already finished was 3 spectra)
DEBUG:urllib3.connectionpool:Starting new HTTPS connection (1): fasst.gnps2.org:443
DEBUG:urllib3.connectionpool:Starting new HTTPS connection (1): fasst.gnps2.org:443
DEBUG:urllib3.connectionpool:Starting new HTTPS connection (1): fasst.gnps2.org:443
DEBUG:urllib3.connectionpool:https://fasst.gnps2.org:443 "POST /search HTTP/11" 200 6889
DEBUG:urllib3.connectionpool:https://fasst.gnps2.org:443 "POST /search HTTP/11" 200 35969
DEBUG:root:fastMASST response=200
DEBUG:root:fastMASST response=200
DEBUG:urllib3.connectionpool:Starting new HTTPS connection (1): fasst.gnps2.org:443
DEBUG:urllib3.connectionpool:https://fasst.gnps2.org:443 "POST /search HTTP/11" 200 8644
DEBUG:root:fastMASST response=200
DEBUG:masst_client:Exporting microbeMASST 208
DEBUG:masst_client:Exporting plantMASST 208
DEBUG:masst_client:Exporting tissueMASST 208
DEBUG:masst_client:Exporting foodMASST 208
DEBUG:masst_client:Exporting personalCareProductMASST 208
DEBUG:masst_client:Exporting microbiomeMASST 208
DEBUG:masst_client:Exporting combined tree 208
DEBUG:urllib3.connectionpool:https://fasst.gnps2.org:443 "POST /search HTTP/11" 200 177203940
DEBUG:root:fastMASST response=200
DEBUG:urllib3.connectionpool:Starting new HTTPS connection (1): fasst.gnps2.org:443
DEBUG:urllib3.connectionpool:https://fasst.gnps2.org:443 "POST /search HTTP/11" 200 96606
DEBUG:root:fastMASST response=200
DEBUG:masst_client:Exporting microbeMASST 
ERROR:masst_tree:[Errno 2] No such file or directory: '../code/lib/jquery.dataTables.min.css'
Traceback (most recent call last):
  File "/workspaces/microbe_masst/code/masst_tree.py", line 60, in create_enriched_masst_tree
    return bundle_to_html.build_dist_html(
  File "/workspaces/microbe_masst/code/bundle_to_html.py", line 74, in build_dist_html
    file_text = Path(path).read_text(encoding="utf-8")
  File "/opt/conda/lib/python3.10/pathlib.py", line 1134, in read_text
    with self.open(mode='r', encoding=encoding, errors=errors) as f:
  File "/opt/conda/lib/python3.10/pathlib.py", line 1119, in open
    return self._accessor.open(self, mode, buffering, encoding, errors,
FileNotFoundError: [Errno 2] No such file or directory: '../code/lib/jquery.dataTables.min.css'
DEBUG:masst_client:Exporting plantMASST 
ERROR:masst_tree:[Errno 2] No such file or directory: '../code/lib/jquery.dataTables.min.css'
Traceback (most recent call last):
  File "/workspaces/microbe_masst/code/masst_tree.py", line 60, in create_enriched_masst_tree
    return bundle_to_html.build_dist_html(
  File "/workspaces/microbe_masst/code/bundle_to_html.py", line 74, in build_dist_html
    file_text = Path(path).read_text(encoding="utf-8")
  File "/opt/conda/lib/python3.10/pathlib.py", line 1134, in read_text
    with self.open(mode='r', encoding=encoding, errors=errors) as f:
  File "/opt/conda/lib/python3.10/pathlib.py", line 1119, in open
    return self._accessor.open(self, mode, buffering, encoding, errors,
FileNotFoundError: [Errno 2] No such file or directory: '../code/lib/jquery.dataTables.min.css'
DEBUG:masst_client:Exporting tissueMASST 
ERROR:masst_tree:[Errno 2] No such file or directory: '../code/lib/jquery.dataTables.min.css'
Traceback (most recent call last):
  File "/workspaces/microbe_masst/code/masst_tree.py", line 60, in create_enriched_masst_tree
    return bundle_to_html.build_dist_html(
  File "/workspaces/microbe_masst/code/bundle_to_html.py", line 74, in build_dist_html
    file_text = Path(path).read_text(encoding="utf-8")
  File "/opt/conda/lib/python3.10/pathlib.py", line 1134, in read_text
    with self.open(mode='r', encoding=encoding, errors=errors) as f:
  File "/opt/conda/lib/python3.10/pathlib.py", line 1119, in open
    return self._accessor.open(self, mode, buffering, encoding, errors,
FileNotFoundError: [Errno 2] No such file or directory: '../code/lib/jquery.dataTables.min.css'
DEBUG:masst_client:Exporting foodMASST 
ERROR:masst_tree:[Errno 2] No such file or directory: '../code/lib/jquery.dataTables.min.css'
Traceback (most recent call last):
  File "/workspaces/microbe_masst/code/masst_tree.py", line 60, in create_enriched_masst_tree
    return bundle_to_html.build_dist_html(
  File "/workspaces/microbe_masst/code/bundle_to_html.py", line 74, in build_dist_html
    file_text = Path(path).read_text(encoding="utf-8")
  File "/opt/conda/lib/python3.10/pathlib.py", line 1134, in read_text
    with self.open(mode='r', encoding=encoding, errors=errors) as f:
  File "/opt/conda/lib/python3.10/pathlib.py", line 1119, in open
    return self._accessor.open(self, mode, buffering, encoding, errors,
FileNotFoundError: [Errno 2] No such file or directory: '../code/lib/jquery.dataTables.min.css'
DEBUG:masst_client:Exporting personalCareProductMASST 
ERROR:masst_tree:[Errno 2] No such file or directory: '../code/lib/jquery.dataTables.min.css'
Traceback (most recent call last):
  File "/workspaces/microbe_masst/code/masst_tree.py", line 60, in create_enriched_masst_tree
    return bundle_to_html.build_dist_html(
  File "/workspaces/microbe_masst/code/bundle_to_html.py", line 74, in build_dist_html
    file_text = Path(path).read_text(encoding="utf-8")
  File "/opt/conda/lib/python3.10/pathlib.py", line 1134, in read_text
    with self.open(mode='r', encoding=encoding, errors=errors) as f:
  File "/opt/conda/lib/python3.10/pathlib.py", line 1119, in open
    return self._accessor.open(self, mode, buffering, encoding, errors,
FileNotFoundError: [Errno 2] No such file or directory: '../code/lib/jquery.dataTables.min.css'
DEBUG:masst_client:Exporting microbiomeMASST 
ERROR:masst_tree:[Errno 2] No such file or directory: '../code/lib/jquery.dataTables.min.css'
Traceback (most recent call last):
  File "/workspaces/microbe_masst/code/masst_tree.py", line 60, in create_enriched_masst_tree
    return bundle_to_html.build_dist_html(
  File "/workspaces/microbe_masst/code/bundle_to_html.py", line 74, in build_dist_html
    file_text = Path(path).read_text(encoding="utf-8")
  File "/opt/conda/lib/python3.10/pathlib.py", line 1134, in read_text
    with self.open(mode='r', encoding=encoding, errors=errors) as f:
  File "/opt/conda/lib/python3.10/pathlib.py", line 1119, in open
    return self._accessor.open(self, mode, buffering, encoding, errors,
FileNotFoundError: [Errno 2] No such file or directory: '../code/lib/jquery.dataTables.min.css'
DEBUG:masst_client:Exporting combined tree 
ERROR:masst_tree:[Errno 2] No such file or directory: '../code/collapsible_tree_v3.html'
Traceback (most recent call last):
  File "/workspaces/microbe_masst/code/masst_tree.py", line 135, in create_combined_masst_tree
    return bundle_to_html.build_dist_html(
  File "/workspaces/microbe_masst/code/bundle_to_html.py", line 66, in build_dist_html
    original_html_text = Path(input_html).read_text(encoding="utf-8")
  File "/opt/conda/lib/python3.10/pathlib.py", line 1134, in read_text
    with self.open(mode='r', encoding=encoding, errors=errors) as f:
  File "/opt/conda/lib/python3.10/pathlib.py", line 1119, in open
    return self._accessor.open(self, mode, buffering, encoding, errors,
FileNotFoundError: [Errno 2] No such file or directory: '../code/collapsible_tree_v3.html'
